#
# There is insufficient memory for the Java Runtime Environment to continue.
# Native memory allocation (malloc) failed to allocate 1117296 bytes for Chunk::new
# Possible reasons:
#   The system is out of physical RAM or swap space
#   In 32 bit mode, the process size limit was hit
# Possible solutions:
#   Reduce memory load on the system
#   Increase physical memory or swap space
#   Check if swap backing store is full
#   Use 64 bit Java on a 64 bit OS
#   Decrease Java heap size (-Xmx/-Xms)
#   Decrease number of Java threads
#   Decrease Java thread stack sizes (-Xss)
#   Set larger code cache with -XX:ReservedCodeCacheSize=
# This output file may be truncated or incomplete.
#
#  Out of Memory Error (allocation.cpp:323), pid=7032, tid=8020
#
# JRE version: Java(TM) SE Runtime Environment (7.0_51-b13) (build 1.7.0_51-b13)
# Java VM: Java HotSpot(TM) 64-Bit Server VM (24.51-b03 mixed mode windows-amd64 compressed oops)
# Failed to write core dump. Minidumps are not enabled by default on client versions of Windows
#

---------------  T H R E A D  ---------------

Current thread (0x000000000ae97800):  JavaThread "C2 CompilerThread1" daemon [_thread_in_native, id=8020, stack(0x000000000c510000,0x000000000c610000)]

Stack: [0x000000000c510000,0x000000000c610000]

Current CompileTask:
C2:   7278  123             org.newdawn.slick.Input::poll (1561 bytes)


---------------  P R O C E S S  ---------------

Java Threads: ( => current thread )
  0x000000000c99f000 JavaThread "AWT-Windows" daemon [_thread_in_native, id=9776, stack(0x0000000012da0000,0x0000000012ea0000)]
  0x000000000cb6d800 JavaThread "Java2D Disposer" daemon [_thread_blocked, id=9000, stack(0x0000000016e20000,0x0000000016f20000)]
  0x000000000c8de000 JavaThread "Thread-3" daemon [_thread_in_native, id=2560, stack(0x0000000012ba0000,0x0000000012ca0000)]
  0x000000000aea8000 JavaThread "Service Thread" daemon [_thread_blocked, id=8932, stack(0x000000000c610000,0x000000000c710000)]
=>0x000000000ae97800 JavaThread "C2 CompilerThread1" daemon [_thread_in_native, id=8020, stack(0x000000000c510000,0x000000000c610000)]
  0x000000000ae93000 JavaThread "C2 CompilerThread0" daemon [_thread_blocked, id=9696, stack(0x000000000c410000,0x000000000c510000)]
  0x000000000ae92000 JavaThread "Attach Listener" daemon [_thread_blocked, id=4604, stack(0x000000000c310000,0x000000000c410000)]
  0x000000000ae8e800 JavaThread "Signal Dispatcher" daemon [_thread_blocked, id=328, stack(0x000000000c210000,0x000000000c310000)]
  0x000000000ae5b800 JavaThread "Finalizer" daemon [_thread_blocked, id=4148, stack(0x000000000c110000,0x000000000c210000)]
  0x000000000ae52800 JavaThread "Reference Handler" daemon [_thread_blocked, id=9508, stack(0x000000000c010000,0x000000000c110000)]
  0x0000000002b50800 JavaThread "main" [_thread_in_Java, id=3744, stack(0x00000000029a0000,0x0000000002aa0000)]

Other Threads:
  0x000000000ae50000 VMThread [stack: 0x000000000bf10000,0x000000000c010000] [id=5660]
  0x000000000aec2000 WatcherThread [stack: 0x000000000c710000,0x000000000c810000] [id=9372]

VM state:not at safepoint (normal execution)

VM Mutex/Monitor currently owned by a thread: None

Heap
 PSYoungGen      total 136704K, used 72190K [0x00000007d6480000, 0x00000007def80000, 0x0000000800000000)
  eden space 131072K, 51% used [0x00000007d6480000,0x00000007da6f0400,0x00000007de480000)
  from space 5632K, 73% used [0x00000007dea00000,0x00000007dee0f4d8,0x00000007def80000)
  to   space 5632K, 0% used [0x00000007de480000,0x00000007de480000,0x00000007dea00000)
 ParOldGen       total 141312K, used 125437K [0x0000000782e00000, 0x000000078b800000, 0x00000007d6480000)
  object space 141312K, 88% used [0x0000000782e00000,0x000000078a87f538,0x000000078b800000)
 PSPermGen       total 21504K, used 11209K [0x000000077dc00000, 0x000000077f100000, 0x0000000782e00000)
  object space 21504K, 52% used [0x000000077dc00000,0x000000077e6f26f8,0x000000077f100000)

Card table byte_map: [0x0000000005d10000,0x0000000006130000] byte_map_base: 0x0000000002122000

Polling page: 0x00000000011f0000

Code Cache  [0x0000000002c50000, 0x0000000002ec0000, 0x0000000005c50000)
 total_blobs=664 nmethods=148 adapters=468 free_code_cache=48241Kb largest_free_block=49372928

Compilation events (10 events):
Event: 6.808 Thread 0x000000000ae93000  144             org.newdawn.slick.geom.Vector2f::set (12 bytes)
Event: 6.809 Thread 0x000000000ae93000 nmethod 144 0x0000000002d35690 code [0x0000000002d357c0, 0x0000000002d35838]
Event: 6.824 Thread 0x000000000ae93000  145             net.java.games.input.DataQueue::remaining (10 bytes)
Event: 6.826 Thread 0x000000000ae93000 nmethod 145 0x0000000002d35490 code [0x0000000002d355c0, 0x0000000002d35618]
Event: 6.914 Thread 0x000000000ae93000  146             edu.chalmers.brawlbuddies.model.Position::<init> (7 bytes)
Event: 6.916 Thread 0x000000000ae93000 nmethod 146 0x0000000002d35210 code [0x0000000002d35360, 0x0000000002d353e8]
Event: 6.961 Thread 0x000000000ae93000  148             java.nio.DirectByteBuffer::get (16 bytes)
Event: 6.964 Thread 0x000000000ae93000 nmethod 148 0x0000000002d37210 code [0x0000000002d37340, 0x0000000002d373d8]
Event: 7.182 Thread 0x000000000ae93000  149             edu.chalmers.brawlbuddies.model.Velocity::<init> (7 bytes)
Event: 7.184 Thread 0x000000000ae93000 nmethod 149 0x0000000002d36f90 code [0x0000000002d370e0, 0x0000000002d37168]

GC Heap History (10 events):
Event: 3.437 GC heap before
{Heap before GC invocations=2 (full 0):
 PSYoungGen      total 37888K, used 37862K [0x00000007d6480000, 0x00000007d8e80000, 0x0000000800000000)
  eden space 32768K, 100% used [0x00000007d6480000,0x00000007d8480000,0x00000007d8480000)
  from space 5120K, 99% used [0x00000007d8480000,0x00000007d8979b08,0x00000007d8980000)
  to   space 5120K, 0% used [0x00000007d8980000,0x00000007d8980000,0x00000007d8e80000)
 ParOldGen       total 141312K, used 125437K [0x0000000782e00000, 0x000000078b800000, 0x00000007d6480000)
  object space 141312K, 88% used [0x0000000782e00000,0x000000078a87f538,0x000000078b800000)
 PSPermGen       total 21504K, used 10155K [0x000000077dc00000, 0x000000077f100000, 0x0000000782e00000)
  object space 21504K, 47% used [0x000000077dc00000,0x000000077e5eac90,0x000000077f100000)
Event: 3.442 GC heap after
Heap after GC invocations=2 (full 0):
 PSYoungGen      total 37888K, used 4207K [0x00000007d6480000, 0x00000007d8e80000, 0x0000000800000000)
  eden space 32768K, 0% used [0x00000007d6480000,0x00000007d6480000,0x00000007d8480000)
  from space 5120K, 82% used [0x00000007d8980000,0x00000007d8d9bc98,0x00000007d8e80000)
  to   space 5120K, 0% used [0x00000007d8480000,0x00000007d8480000,0x00000007d8980000)
 ParOldGen       total 141312K, used 125437K [0x0000000782e00000, 0x000000078b800000, 0x00000007d6480000)
  object space 141312K, 88% used [0x0000000782e00000,0x000000078a87f538,0x000000078b800000)
 PSPermGen       total 21504K, used 10155K [0x000000077dc00000, 0x000000077f100000, 0x0000000782e00000)
  object space 21504K, 47% used [0x000000077dc00000,0x000000077e5eac90,0x000000077f100000)
}
Event: 3.491 GC heap before
{Heap before GC invocations=3 (full 0):
 PSYoungGen      total 37888K, used 36975K [0x00000007d6480000, 0x00000007d8e80000, 0x0000000800000000)
  eden space 32768K, 100% used [0x00000007d6480000,0x00000007d8480000,0x00000007d8480000)
  from space 5120K, 82% used [0x00000007d8980000,0x00000007d8d9bc98,0x00000007d8e80000)
  to   space 5120K, 0% used [0x00000007d8480000,0x00000007d8480000,0x00000007d8980000)
 ParOldGen       total 141312K, used 125437K [0x0000000782e00000, 0x000000078b800000, 0x00000007d6480000)
  object space 141312K, 88% used [0x0000000782e00000,0x000000078a87f538,0x000000078b800000)
 PSPermGen       total 21504K, used 10155K [0x000000077dc00000, 0x000000077f100000, 0x0000000782e00000)
  object space 21504K, 47% used [0x000000077dc00000,0x000000077e5eac90,0x000000077f100000)
Event: 3.496 GC heap after
Heap after GC invocations=3 (full 0):
 PSYoungGen      total 37888K, used 4157K [0x00000007d6480000, 0x00000007dae80000, 0x0000000800000000)
  eden space 32768K, 0% used [0x00000007d6480000,0x00000007d6480000,0x00000007d8480000)
  from space 5120K, 81% used [0x00000007d8480000,0x00000007d888f4d8,0x00000007d8980000)
  to   space 5120K, 0% used [0x00000007da980000,0x00000007da980000,0x00000007dae80000)
 ParOldGen       total 141312K, used 125437K [0x0000000782e00000, 0x000000078b800000, 0x00000007d6480000)
  object space 141312K, 88% used [0x0000000782e00000,0x000000078a87f538,0x000000078b800000)
 PSPermGen       total 21504K, used 10155K [0x000000077dc00000, 0x000000077f100000, 0x0000000782e00000)
  object space 21504K, 47% used [0x000000077dc00000,0x000000077e5eac90,0x000000077f100000)
}
Event: 3.547 GC heap before
{Heap before GC invocations=4 (full 0):
 PSYoungGen      total 37888K, used 36925K [0x00000007d6480000, 0x00000007dae80000, 0x0000000800000000)
  eden space 32768K, 100% used [0x00000007d6480000,0x00000007d8480000,0x00000007d8480000)
  from space 5120K, 81% used [0x00000007d8480000,0x00000007d888f4d8,0x00000007d8980000)
  to   space 5120K, 0% used [0x00000007da980000,0x00000007da980000,0x00000007dae80000)
 ParOldGen       total 141312K, used 125437K [0x0000000782e00000, 0x000000078b800000, 0x00000007d6480000)
  object space 141312K, 88% used [0x0000000782e00000,0x000000078a87f538,0x000000078b800000)
 PSPermGen       total 21504K, used 10155K [0x000000077dc00000, 0x000000077f100000, 0x0000000782e00000)
  object space 21504K, 47% used [0x000000077dc00000,0x000000077e5eac90,0x000000077f100000)
Event: 3.553 GC heap after
Heap after GC invocations=4 (full 0):
 PSYoungGen      total 70656K, used 4159K [0x00000007d6480000, 0x00000007dae80000, 0x0000000800000000)
  eden space 65536K, 0% used [0x00000007d6480000,0x00000007d6480000,0x00000007da480000)
  from space 5120K, 81% used [0x00000007da980000,0x00000007dad8fd88,0x00000007dae80000)
  to   space 5120K, 0% used [0x00000007da480000,0x00000007da480000,0x00000007da980000)
 ParOldGen       total 141312K, used 125437K [0x0000000782e00000, 0x000000078b800000, 0x00000007d6480000)
  object space 141312K, 88% used [0x0000000782e00000,0x000000078a87f538,0x000000078b800000)
 PSPermGen       total 21504K, used 10155K [0x000000077dc00000, 0x000000077f100000, 0x0000000782e00000)
  object space 21504K, 47% used [0x000000077dc00000,0x000000077e5eac90,0x000000077f100000)
}
Event: 3.676 GC heap before
{Heap before GC invocations=5 (full 0):
 PSYoungGen      total 70656K, used 69695K [0x00000007d6480000, 0x00000007dae80000, 0x0000000800000000)
  eden space 65536K, 100% used [0x00000007d6480000,0x00000007da480000,0x00000007da480000)
  from space 5120K, 81% used [0x00000007da980000,0x00000007dad8fd88,0x00000007dae80000)
  to   space 5120K, 0% used [0x00000007da480000,0x00000007da480000,0x00000007da980000)
 ParOldGen       total 141312K, used 125437K [0x0000000782e00000, 0x000000078b800000, 0x00000007d6480000)
  object space 141312K, 88% used [0x0000000782e00000,0x000000078a87f538,0x000000078b800000)
 PSPermGen       total 21504K, used 10155K [0x000000077dc00000, 0x000000077f100000, 0x0000000782e00000)
  object space 21504K, 47% used [0x000000077dc00000,0x000000077e5eac90,0x000000077f100000)
Event: 3.682 GC heap after
Heap after GC invocations=5 (full 0):
 PSYoungGen      total 70656K, used 4141K [0x00000007d6480000, 0x00000007def80000, 0x0000000800000000)
  eden space 65536K, 0% used [0x00000007d6480000,0x00000007d6480000,0x00000007da480000)
  from space 5120K, 80% used [0x00000007da480000,0x00000007da88b4c8,0x00000007da980000)
  to   space 5632K, 0% used [0x00000007dea00000,0x00000007dea00000,0x00000007def80000)
 ParOldGen       total 141312K, used 125437K [0x0000000782e00000, 0x000000078b800000, 0x00000007d6480000)
  object space 141312K, 88% used [0x0000000782e00000,0x000000078a87f538,0x000000078b800000)
 PSPermGen       total 21504K, used 10155K [0x000000077dc00000, 0x000000077f100000, 0x0000000782e00000)
  object space 21504K, 47% used [0x000000077dc00000,0x000000077e5eac90,0x000000077f100000)
}
Event: 3.779 GC heap before
{Heap before GC invocations=6 (full 0):
 PSYoungGen      total 70656K, used 69677K [0x00000007d6480000, 0x00000007def80000, 0x0000000800000000)
  eden space 65536K, 100% used [0x00000007d6480000,0x00000007da480000,0x00000007da480000)
  from space 5120K, 80% used [0x00000007da480000,0x00000007da88b4c8,0x00000007da980000)
  to   space 5632K, 0% used [0x00000007dea00000,0x00000007dea00000,0x00000007def80000)
 ParOldGen       total 141312K, used 125437K [0x0000000782e00000, 0x000000078b800000, 0x00000007d6480000)
  object space 141312K, 88% used [0x0000000782e00000,0x000000078a87f538,0x000000078b800000)
 PSPermGen       total 21504K, used 10155K [0x000000077dc00000, 0x000000077f100000, 0x0000000782e00000)
  object space 21504K, 47% used [0x000000077dc00000,0x000000077e5eac90,0x000000077f100000)
Event: 3.784 GC heap after
Heap after GC invocations=6 (full 0):
 PSYoungGen      total 136704K, used 4157K [0x00000007d6480000, 0x00000007def80000, 0x0000000800000000)
  eden space 131072K, 0% used [0x00000007d6480000,0x00000007d6480000,0x00000007de480000)
  from space 5632K, 73% used [0x00000007dea00000,0x00000007dee0f4d8,0x00000007def80000)
  to   space 5632K, 0% used [0x00000007de480000,0x00000007de480000,0x00000007dea00000)
 ParOldGen       total 141312K, used 125437K [0x0000000782e00000, 0x000000078b800000, 0x00000007d6480000)
  object space 141312K, 88% used [0x0000000782e00000,0x000000078a87f538,0x000000078b800000)
 PSPermGen       total 21504K, used 10155K [0x000000077dc00000, 0x000000077f100000, 0x0000000782e00000)
  object space 21504K, 47% used [0x000000077dc00000,0x000000077e5eac90,0x000000077f100000)
}

Deoptimization events (8 events):
Event: 1.825 Thread 0x0000000002b50800 Uncommon trap: reason=null_check action=make_not_entrant pc=0x0000000002cc8e84 method=java.lang.String.equals(Ljava/lang/Object;)Z @ 8
Event: 2.238 Thread 0x0000000002b50800 Uncommon trap: reason=unreached action=reinterpret pc=0x0000000002cdbf94 method=org.newdawn.slick.SpriteSheet.initImpl()V @ 4
Event: 2.744 Thread 0x0000000002b50800 Uncommon trap: reason=unreached action=reinterpret pc=0x0000000002d0ea90 method=java.awt.image.ComponentColorModel.getDataElements(ILjava/lang/Object;)Ljava/lang/Object; @ 2993
Event: 2.744 Thread 0x0000000002b50800 Uncommon trap: reason=unreached action=reinterpret pc=0x0000000002cf79b8 method=sun.awt.image.ByteInterleavedRaster.getDataElements(IILjava/lang/Object;)Ljava/lang/Object; @ 43
Event: 4.098 Thread 0x0000000002b50800 Uncommon trap: reason=class_check action=maybe_recompile pc=0x0000000002d12820 method=java.util.zip.InflaterInputStream.read([BII)I @ 100
Event: 4.216 Thread 0x0000000002b50800 Uncommon trap: reason=class_check action=maybe_recompile pc=0x0000000002d12820 method=java.util.zip.InflaterInputStream.read([BII)I @ 100
Event: 4.217 Thread 0x0000000002b50800 Uncommon trap: reason=class_check action=maybe_recompile pc=0x0000000002d12820 method=java.util.zip.InflaterInputStream.read([BII)I @ 100
Event: 4.218 Thread 0x0000000002b50800 Uncommon trap: reason=class_check action=maybe_recompile pc=0x0000000002d12820 method=java.util.zip.InflaterInputStream.read([BII)I @ 100

Internal exceptions (10 events):
Event: 5.641 Thread 0x0000000002b50800 Threw 0x00000007da098248 at C:\re\jdk7u51\527\hotspot\src\share\vm\prims\jvm.cpp:1244
Event: 5.651 Thread 0x0000000002b50800 Threw 0x00000007da09a010 at C:\re\jdk7u51\527\hotspot\src\share\vm\prims\jvm.cpp:1244
Event: 5.652 Thread 0x0000000002b50800 Threw 0x00000007da09bdd8 at C:\re\jdk7u51\527\hotspot\src\share\vm\prims\jvm.cpp:1244
Event: 5.656 Thread 0x0000000002b50800 Threw 0x00000007da09dba0 at C:\re\jdk7u51\527\hotspot\src\share\vm\prims\jvm.cpp:1244
Event: 5.657 Thread 0x0000000002b50800 Threw 0x00000007da09f970 at C:\re\jdk7u51\527\hotspot\src\share\vm\prims\jvm.cpp:1244
Event: 5.658 Thread 0x0000000002b50800 Threw 0x00000007da0a1740 at C:\re\jdk7u51\527\hotspot\src\share\vm\prims\jvm.cpp:1244
Event: 5.658 Thread 0x0000000002b50800 Threw 0x00000007da0a3510 at C:\re\jdk7u51\527\hotspot\src\share\vm\prims\jvm.cpp:1244
Event: 5.659 Thread 0x0000000002b50800 Threw 0x00000007da0a52e0 at C:\re\jdk7u51\527\hotspot\src\share\vm\prims\jvm.cpp:1244
Event: 5.661 Thread 0x0000000002b50800 Threw 0x00000007da0a77c0 at C:\re\jdk7u51\527\hotspot\src\share\vm\prims\jvm.cpp:1244
Event: 5.661 Thread 0x0000000002b50800 Threw 0x00000007da0a9510 at C:\re\jdk7u51\527\hotspot\src\share\vm\prims\jvm.cpp:1244

Events (10 events):
Event: 5.712 loading class 0x000000000c8ce350
Event: 5.712 loading class 0x000000000c8ce350 done
Event: 5.712 loading class 0x000000000c8ce3f0 done
Event: 5.713 loading class 0x0000000011e1db30
Event: 5.713 loading class 0x0000000011e1db30 done
Event: 5.714 loading class 0x0000000011e83ad0
Event: 5.714 loading class 0x0000000011e83ad0 done
Event: 5.714 Executing VM operation: RevokeBias
Event: 5.715 Executing VM operation: RevokeBias done
Event: 5.715 Thread 0x000000000c99e800 Thread exited: 0x000000000c99e800


Dynamic libraries:
0x00007ff708cb0000 - 0x00007ff708ce3000 	C:\Program Files\Java\jre7\bin\javaw.exe
0x00007fffdfd20000 - 0x00007fffdfec9000 	C:\WINDOWS\SYSTEM32\ntdll.dll
0x00007fffdfa60000 - 0x00007fffdfb99000 	C:\WINDOWS\system32\KERNEL32.DLL
0x00007fffdd1c0000 - 0x00007fffdd2ce000 	C:\WINDOWS\system32\KERNELBASE.dll
0x00007fffdb970000 - 0x00007fffdb9fb000 	C:\WINDOWS\system32\apphelp.dll
0x00007fffc01d0000 - 0x00007fffc021f000 	C:\WINDOWS\AppPatch\AppPatch64\AcGenral.DLL
0x00007fffddc20000 - 0x00007fffddcc7000 	C:\WINDOWS\system32\msvcrt.dll
0x00007fffdcf50000 - 0x00007fffdcf7b000 	C:\WINDOWS\SYSTEM32\SspiCli.dll
0x00007fffdfc60000 - 0x00007fffdfcb1000 	C:\WINDOWS\system32\SHLWAPI.dll
0x00007fffdd5b0000 - 0x00007fffdd721000 	C:\WINDOWS\system32\USER32.dll
0x00007fffdf580000 - 0x00007fffdf6f6000 	C:\WINDOWS\system32\ole32.dll
0x00007fffdded0000 - 0x00007fffdf2e0000 	C:\WINDOWS\system32\SHELL32.dll
0x00007fffdc730000 - 0x00007fffdc74f000 	C:\WINDOWS\SYSTEM32\USERENV.dll
0x00007fffddb70000 - 0x00007fffddc15000 	C:\WINDOWS\system32\ADVAPI32.dll
0x00007fffd2750000 - 0x00007fffd276b000 	C:\WINDOWS\SYSTEM32\MPR.dll
0x00007fffdf2e0000 - 0x00007fffdf416000 	C:\WINDOWS\system32\RPCRT4.dll
0x00007fffdf520000 - 0x00007fffdf577000 	C:\WINDOWS\SYSTEM32\sechost.dll
0x00007fffdd990000 - 0x00007fffddb67000 	C:\WINDOWS\SYSTEM32\combase.dll
0x00007fffdf910000 - 0x00007fffdfa55000 	C:\WINDOWS\system32\GDI32.dll
0x00007fffdd0a0000 - 0x00007fffdd0b4000 	C:\WINDOWS\SYSTEM32\profapi.dll
0x00007fffdb630000 - 0x00007fffdb6d1000 	C:\WINDOWS\SYSTEM32\SHCORE.dll
0x00007fffdde20000 - 0x00007fffdde54000 	C:\WINDOWS\system32\IMM32.DLL
0x00007fffddcd0000 - 0x00007fffdde08000 	C:\WINDOWS\system32\MSCTF.dll
0x00007fffdc310000 - 0x00007fffdc56a000 	C:\WINDOWS\WinSxS\amd64_microsoft.windows.common-controls_6595b64144ccf1df_6.0.9600.16384_none_62475f7becb72503\COMCTL32.dll
0x00000000516c0000 - 0x0000000051792000 	C:\Program Files\Java\jre7\bin\msvcr100.dll
0x0000000050ef0000 - 0x00000000516b9000 	C:\Program Files\Java\jre7\bin\server\jvm.dll
0x00007fffda7d0000 - 0x00007fffda7d9000 	C:\WINDOWS\SYSTEM32\WSOCK32.dll
0x00007fffd9c20000 - 0x00007fffd9c3f000 	C:\WINDOWS\SYSTEM32\WINMM.dll
0x00007fffdde10000 - 0x00007fffdde17000 	C:\WINDOWS\system32\PSAPI.DLL
0x00007fffdfcc0000 - 0x00007fffdfd18000 	C:\WINDOWS\system32\WS2_32.dll
0x00007fffd9bf0000 - 0x00007fffd9c1a000 	C:\WINDOWS\SYSTEM32\WINMMBASE.dll
0x00007fffddec0000 - 0x00007fffddec9000 	C:\WINDOWS\system32\NSI.dll
0x00007fffdd170000 - 0x00007fffdd1ba000 	C:\WINDOWS\SYSTEM32\cfgmgr32.dll
0x00007fffdba90000 - 0x00007fffdbab6000 	C:\WINDOWS\SYSTEM32\DEVOBJ.dll
0x0000000050ee0000 - 0x0000000050eef000 	C:\Program Files\Java\jre7\bin\verify.dll
0x0000000050eb0000 - 0x0000000050ed8000 	C:\Program Files\Java\jre7\bin\java.dll
0x0000000050e90000 - 0x0000000050ea5000 	C:\Program Files\Java\jre7\bin\zip.dll
0x0000000010000000 - 0x0000000010022000 	C:\WINDOWS\SYSTEM32\PavLspHook64.DLL
0x0000000180000000 - 0x0000000180046000 	C:\WINDOWS\SYSTEM32\sysHelper64.dll
0x0000000041b60000 - 0x0000000041b96000 	C:\WINDOWS\SYSTEM32\PavTrc64.dll
0x00007fffda5a0000 - 0x00007fffda5aa000 	C:\WINDOWS\SYSTEM32\VERSION.dll
0x00007fffda2e0000 - 0x00007fffda2eb000 	C:\WINDOWS\SYSTEM32\Secur32.dll
0x00007fffd7830000 - 0x00007fffd7860000 	C:\WINDOWS\SYSTEM32\ntmarta.dll
0x000000000d090000 - 0x000000000d0e1000 	C:\Users\Matz\SkyDrive\TDA367\2DPlatformFighter\Program\2DPlatformFighter\target\natives\lwjgl64.dll
0x00007fffcb2a0000 - 0x00007fffcb3c1000 	C:\WINDOWS\SYSTEM32\OPENGL32.dll
0x00007fffcb270000 - 0x00007fffcb29c000 	C:\WINDOWS\SYSTEM32\GLU32.dll
0x00007fffd3540000 - 0x00007fffd3634000 	C:\WINDOWS\SYSTEM32\DDRAW.dll
0x00007fffda300000 - 0x00007fffda309000 	C:\WINDOWS\SYSTEM32\DCIMAN32.dll
0x0000000050e70000 - 0x0000000050e89000 	C:\Program Files\Java\jre7\bin\net.dll
0x00007fffdc9d0000 - 0x00007fffdca28000 	C:\WINDOWS\system32\mswsock.dll
0x0000000040ad0000 - 0x0000000040b17000 	C:\WINDOWS\system32\WPApi64.dll
0x0000000050e50000 - 0x0000000050e61000 	C:\Program Files\Java\jre7\bin\nio.dll
0x00007fffdbac0000 - 0x00007fffdbbe2000 	C:\WINDOWS\system32\uxtheme.dll
0x00007fffdad60000 - 0x00007fffdad81000 	C:\WINDOWS\system32\dwmapi.dll
0x00007fffd2c90000 - 0x00007fffd2ce3000 	C:\WINDOWS\SYSTEM32\nvoglshim64.dll
0x000000000d500000 - 0x000000000dc7e000 	C:\WINDOWS\system32\ig7icd64.dll
0x00007fffd8650000 - 0x00007fffd8a90000 	C:\WINDOWS\SYSTEM32\igdusc64.dll
0x00007fffdbc30000 - 0x00007fffdbc3a000 	C:\WINDOWS\SYSTEM32\kernel.appcore.dll
0x00007fffdcfe0000 - 0x00007fffdcfea000 	C:\WINDOWS\SYSTEM32\CRYPTBASE.dll
0x00007fffdcf80000 - 0x00007fffdcfde000 	C:\WINDOWS\SYSTEM32\bcryptPrimitives.dll
0x00007fffd9c40000 - 0x00007fffd9ccd000 	C:\WINDOWS\SYSTEM32\mscms.dll
0x00007fffd2ad0000 - 0x00007fffd2b11000 	C:\WINDOWS\SYSTEM32\icm32.dll
0x00007fffc05f0000 - 0x00007fffc081f000 	C:\Program Files\Acer\Acer Power Management\SysHook.dll
0x00007fffda0c0000 - 0x00007fffda0c7000 	C:\WINDOWS\SYSTEM32\MSIMG32.dll
0x00007fffdf480000 - 0x00007fffdf51a000 	C:\WINDOWS\system32\COMDLG32.dll
0x00007fffd98c0000 - 0x00007fffd993b000 	C:\WINDOWS\SYSTEM32\WINSPOOL.DRV
0x00007fffdd8d0000 - 0x00007fffdd987000 	C:\WINDOWS\system32\OLEAUT32.dll
0x00007fffdd730000 - 0x00007fffdd8c8000 	C:\WINDOWS\WinSxS\amd64_microsoft.windows.gdiplus_6595b64144ccf1df_1.1.9600.16384_none_9332526147499ed1\gdiplus.dll
0x00007fffd9b60000 - 0x00007fffd9bc3000 	C:\WINDOWS\SYSTEM32\OLEACC.dll
0x00007fffdc750000 - 0x00007fffdc795000 	C:\WINDOWS\SYSTEM32\powrprof.dll
0x0000000050a60000 - 0x0000000050bf5000 	C:\Program Files\Java\jre7\bin\awt.dll
0x000000000d1e0000 - 0x000000000d1f6000 	C:\Users\Matz\SkyDrive\TDA367\2DPlatformFighter\Program\2DPlatformFighter\target\natives\jinput-dx8_64.dll
0x00007fffd2de0000 - 0x00007fffd2e20000 	C:\WINDOWS\SYSTEM32\DINPUT8.dll
0x00007fffdbf70000 - 0x00007fffdbf7d000 	C:\WINDOWS\SYSTEM32\HID.DLL
0x00007fffdf710000 - 0x00007fffdf8e6000 	C:\WINDOWS\system32\SETUPAPI.DLL
0x00007fffdd380000 - 0x00007fffdd3ce000 	C:\WINDOWS\system32\WINTRUST.dll
0x00007fffdd3d0000 - 0x00007fffdd5a7000 	C:\WINDOWS\system32\CRYPT32.dll
0x00007fffdd150000 - 0x00007fffdd162000 	C:\WINDOWS\system32\MSASN1.dll
0x000000000d260000 - 0x000000000d274000 	C:\Users\Matz\SkyDrive\TDA367\2DPlatformFighter\Program\2DPlatformFighter\target\natives\jinput-raw_64.dll
0x000000000d2b0000 - 0x000000000d2ce000 	C:\WINDOWS\SYSTEM32\CRYPTSP.dll
0x00007fffdc620000 - 0x00007fffdc655000 	C:\WINDOWS\system32\rsaenh.dll
0x00007fffdcc60000 - 0x00007fffdcc86000 	C:\WINDOWS\SYSTEM32\bcrypt.dll
0x00007fffd61e0000 - 0x00007fffd61f4000 	C:\WINDOWS\system32\napinsp.dll
0x00007fffcd370000 - 0x00007fffcd389000 	C:\WINDOWS\system32\pnrpnsp.dll
0x00007fffd70c0000 - 0x00007fffd70d9000 	C:\WINDOWS\system32\NLAapi.dll
0x00007fffdc7e0000 - 0x00007fffdc883000 	C:\WINDOWS\SYSTEM32\DNSAPI.dll
0x00007fffd9b00000 - 0x00007fffd9b0c000 	C:\WINDOWS\System32\winrnr.dll
0x00007fffcf310000 - 0x00007fffcf323000 	C:\WINDOWS\system32\wshbth.dll
0x0000000052c30000 - 0x0000000052c56000 	C:\Program Files\Bonjour\mdnsNSP.dll
0x00007fffd6ba0000 - 0x00007fffd6bc9000 	C:\WINDOWS\SYSTEM32\Iphlpapi.DLL
0x00007fffd6bd0000 - 0x00007fffd6bda000 	C:\WINDOWS\SYSTEM32\WINNSI.DLL
0x00007fffda5f0000 - 0x00007fffda5f9000 	C:\Windows\System32\rasadhlp.dll
0x00007fffd6b20000 - 0x00007fffd6b87000 	C:\WINDOWS\System32\fwpuclnt.dll
0x0000000052b20000 - 0x0000000052b50000 	C:\Program Files\Java\jre7\bin\jpeg.dll
0x0000000052ae0000 - 0x0000000052b19000 	C:\Program Files\Java\jre7\bin\kcms.dll
0x0000000052a90000 - 0x0000000052ad7000 	C:\Program Files\Java\jre7\bin\fontmanager.dll
0x0000000052a40000 - 0x0000000052a81000 	C:\Program Files\Java\jre7\bin\t2k.dll

VM Arguments:
jvm_args: -Djava.library.path=target/natives -Dfile.encoding=UTF-8 
java_command: edu.chalmers.brawlbuddies.Main
Launcher Type: SUN_STANDARD

Environment Variables:
PATH=C:\PROGRAM FILES (X86)\EASYPHP-DEVSERVER-13.1VC9\BINARIES\PHP\PHP_RUNNINGVERSION;C:\PROGRAM FILES (X86)\NVIDIA CORPORATION\PHYSX\COMMON;C:\PROGRAM FILES (X86)\INTEL\ICLS CLIENT\;C:\PROGRAM FILES\INTEL\ICLS CLIENT\;C:\WINDOWS\SYSTEM32;C:\WINDOWS;C:\WINDOWS\SYSTEM32\WBEM;C:\WINDOWS\SYSTEM32\WINDOWSPOWERSHELL\V1.0\;C:\PROGRAM FILES (X86)\INTEL\OPENCL SDK\2.0\BIN\X86;C:\PROGRAM FILES (X86)\INTEL\OPENCL SDK\2.0\BIN\X64;C:\PROGRAM FILES\INTEL\INTEL(R) MANAGEMENT ENGINE COMPONENTS\DAL;C:\PROGRAM FILES\INTEL\INTEL(R) MANAGEMENT ENGINE COMPONENTS\IPT;C:\PROGRAM FILES (X86)\INTEL\INTEL(R) MANAGEMENT ENGINE COMPONENTS\DAL;C:\PROGRAM FILES (X86)\INTEL\INTEL(R) MANAGEMENT ENGINE COMPONENTS\IPT;C:\PROGRAM FILES\ACER\REMOTE FILES\;C:\PROGRAM FILES\MATLAB\R2013B\BIN;C:\Program Files (x86)\Panda Security\Panda Antivirus Pro 2014;C:\Program Files (x86)\Git\cmd
USERNAME=Matz
OS=Windows_NT
PROCESSOR_IDENTIFIER=Intel64 Family 6 Model 58 Stepping 9, GenuineIntel



---------------  S Y S T E M  ---------------

OS: Windows 8 , 64 bit Build 9200 

CPU:total 4 (2 cores per cpu, 2 threads per core) family 6 model 58 stepping 9, cmov, cx8, fxsr, mmx, sse, sse2, sse3, ssse3, sse4.1, sse4.2, popcnt, avx, aes, erms, ht, tsc, tscinvbit, tscinv

Memory: 4k page, physical 8199444k(1251264k free), swap 33365268k(5540k free)

vm_info: Java HotSpot(TM) 64-Bit Server VM (24.51-b03) for windows-amd64 JRE (1.7.0_51-b13), built on Dec 18 2013 18:40:56 by "java_re" with unknown MS VC++:1600

time: Tue May 06 22:19:03 2014
elapsed time: 7 seconds

